18:58:46 INFO  : Registering command handlers for SDK TCF services
18:58:47 INFO  : Launching XSCT server: xsct -n -interactive /home/anthony/git/tony-org/tutorial_2/project_702/project_702.sdk/temp_xsdb_launch_script.tcl
18:58:49 INFO  : XSCT server has started successfully.
18:58:49 INFO  : Successfully done setting XSCT server connection channel  
18:58:49 INFO  : Successfully done setting SDK workspace  
18:58:49 INFO  : Processing command line option -hwspec /home/anthony/git/tony-org/tutorial_2/project_702/project_702.sdk/topHdl.hdf.
19:04:24 INFO  : Connected to target on host '127.0.0.1' and port '3121'.
19:04:24 INFO  : 'targets -set -filter {jtag_cable_name =~ "Digilent JTAG-SMT1 210203346122A" && level==0} -index 1' command is executed.
19:04:26 INFO  : FPGA configured successfully with bitstream "/home/anthony/git/tony-org/tutorial_2/project_702/project_702.sdk/topHdl_hw_platform_0/topHdl.bit"
19:06:06 INFO  : 'targets -set -filter {jtag_cable_name =~ "Digilent JTAG-SMT1 210203346122A" && level==0} -index 1' command is executed.
19:06:06 INFO  : 'fpga -state' command is executed.
19:06:06 INFO  : Connected to target on host '127.0.0.1' and port '3121'.
19:06:06 INFO  : Jtag cable 'Digilent JTAG-SMT1 210203346122A' is selected.
19:06:06 INFO  : 'jtag frequency' command is executed.
19:06:06 INFO  : Context for 'APU' is selected.
19:06:06 INFO  : Hardware design information is loaded from '/home/anthony/git/tony-org/tutorial_2/project_702/project_702.sdk/topHdl_hw_platform_0/system.hdf'.
19:06:06 INFO  : 'configparams force-mem-access 1' command is executed.
19:06:06 INFO  : 'configparams force-mem-access 0' command is executed.
19:06:06 INFO  : ----------------XSDB Script----------------
connect -url tcp:127.0.0.1:3121
targets -set -nocase -filter {name =~"APU*" && jtag_cable_name =~ "Digilent JTAG-SMT1 210203346122A"} -index 0
loadhw -hw /home/anthony/git/tony-org/tutorial_2/project_702/project_702.sdk/topHdl_hw_platform_0/system.hdf -mem-ranges [list {0x40000000 0xbfffffff}]
configparams force-mem-access 1
configparams force-mem-access 0
----------------End of Script----------------

19:07:17 INFO  : Disconnected from the channel tcfchan#1.
19:07:18 INFO  : 'targets -set -filter {jtag_cable_name =~ "Digilent JTAG-SMT1 210203346122A" && level==0} -index 1' command is executed.
19:07:18 INFO  : 'fpga -state' command is executed.
19:07:18 INFO  : Connected to target on host '127.0.0.1' and port '3121'.
19:07:18 INFO  : Jtag cable 'Digilent JTAG-SMT1 210203346122A' is selected.
19:07:18 INFO  : 'jtag frequency' command is executed.
19:07:19 INFO  : Context for 'APU' is selected.
19:07:20 INFO  : Hardware design information is loaded from '/home/anthony/git/tony-org/tutorial_2/project_702/project_702.sdk/topHdl_hw_platform_0/system.hdf'.
19:07:20 INFO  : 'configparams force-mem-access 1' command is executed.
19:07:20 INFO  : 'configparams force-mem-access 0' command is executed.
19:07:20 INFO  : ----------------XSDB Script----------------
connect -url tcp:127.0.0.1:3121
targets -set -nocase -filter {name =~"APU*" && jtag_cable_name =~ "Digilent JTAG-SMT1 210203346122A"} -index 0
loadhw -hw /home/anthony/git/tony-org/tutorial_2/project_702/project_702.sdk/topHdl_hw_platform_0/system.hdf -mem-ranges [list {0x40000000 0xbfffffff}]
configparams force-mem-access 1
configparams force-mem-access 0
----------------End of Script----------------

19:07:20 INFO  : Disconnected from the channel tcfchan#2.
19:07:38 INFO  : 'targets -set -filter {jtag_cable_name =~ "Digilent JTAG-SMT1 210203346122A" && level==0} -index 1' command is executed.
19:07:38 INFO  : 'fpga -state' command is executed.
19:07:38 INFO  : Connected to target on host '127.0.0.1' and port '3121'.
19:07:38 INFO  : Jtag cable 'Digilent JTAG-SMT1 210203346122A' is selected.
19:07:38 INFO  : 'jtag frequency' command is executed.
19:07:39 INFO  : Context for 'APU' is selected.
19:07:40 INFO  : Hardware design information is loaded from '/home/anthony/git/tony-org/tutorial_2/project_702/project_702.sdk/topHdl_hw_platform_0/system.hdf'.
19:07:40 INFO  : 'configparams force-mem-access 1' command is executed.
19:07:40 INFO  : 'configparams force-mem-access 0' command is executed.
19:07:40 INFO  : ----------------XSDB Script----------------
connect -url tcp:127.0.0.1:3121
targets -set -nocase -filter {name =~"APU*" && jtag_cable_name =~ "Digilent JTAG-SMT1 210203346122A"} -index 0
loadhw -hw /home/anthony/git/tony-org/tutorial_2/project_702/project_702.sdk/topHdl_hw_platform_0/system.hdf -mem-ranges [list {0x40000000 0xbfffffff}]
configparams force-mem-access 1
configparams force-mem-access 0
----------------End of Script----------------

19:07:40 INFO  : Disconnected from the channel tcfchan#3.
19:08:45 INFO  : 'targets -set -filter {jtag_cable_name =~ "Digilent JTAG-SMT1 210203346122A" && level==0} -index 1' command is executed.
19:08:45 INFO  : 'fpga -state' command is executed.
19:08:45 INFO  : Connected to target on host '127.0.0.1' and port '3121'.
19:08:45 INFO  : Jtag cable 'Digilent JTAG-SMT1 210203346122A' is selected.
19:08:45 INFO  : 'jtag frequency' command is executed.
19:08:45 INFO  : Context for 'APU' is selected.
19:08:46 INFO  : Hardware design information is loaded from '/home/anthony/git/tony-org/tutorial_2/project_702/project_702.sdk/topHdl_hw_platform_0/system.hdf'.
19:08:46 INFO  : 'configparams force-mem-access 1' command is executed.
19:08:46 INFO  : 'configparams force-mem-access 0' command is executed.
19:08:46 INFO  : ----------------XSDB Script----------------
connect -url tcp:127.0.0.1:3121
targets -set -nocase -filter {name =~"APU*" && jtag_cable_name =~ "Digilent JTAG-SMT1 210203346122A"} -index 0
loadhw -hw /home/anthony/git/tony-org/tutorial_2/project_702/project_702.sdk/topHdl_hw_platform_0/system.hdf -mem-ranges [list {0x40000000 0xbfffffff}]
configparams force-mem-access 1
configparams force-mem-access 0
----------------End of Script----------------

19:08:46 INFO  : Disconnected from the channel tcfchan#4.
19:08:50 INFO  : 'targets -set -filter {jtag_cable_name =~ "Digilent JTAG-SMT1 210203346122A" && level==0} -index 1' command is executed.
19:08:50 INFO  : 'fpga -state' command is executed.
19:08:50 INFO  : Connected to target on host '127.0.0.1' and port '3121'.
19:08:50 INFO  : Jtag cable 'Digilent JTAG-SMT1 210203346122A' is selected.
19:08:50 INFO  : 'jtag frequency' command is executed.
19:08:50 INFO  : Context for 'APU' is selected.
19:08:52 INFO  : Hardware design information is loaded from '/home/anthony/git/tony-org/tutorial_2/project_702/project_702.sdk/topHdl_hw_platform_0/system.hdf'.
19:08:52 INFO  : 'configparams force-mem-access 1' command is executed.
19:08:52 INFO  : 'configparams force-mem-access 0' command is executed.
19:08:52 INFO  : ----------------XSDB Script----------------
connect -url tcp:127.0.0.1:3121
targets -set -nocase -filter {name =~"APU*" && jtag_cable_name =~ "Digilent JTAG-SMT1 210203346122A"} -index 0
loadhw -hw /home/anthony/git/tony-org/tutorial_2/project_702/project_702.sdk/topHdl_hw_platform_0/system.hdf -mem-ranges [list {0x40000000 0xbfffffff}]
configparams force-mem-access 1
configparams force-mem-access 0
----------------End of Script----------------

19:08:52 INFO  : Disconnected from the channel tcfchan#5.
19:09:10 INFO  : 'targets -set -filter {jtag_cable_name =~ "Digilent JTAG-SMT1 210203346122A" && level==0} -index 1' command is executed.
19:09:10 INFO  : 'fpga -state' command is executed.
19:09:10 INFO  : Connected to target on host '127.0.0.1' and port '3121'.
19:09:10 INFO  : Jtag cable 'Digilent JTAG-SMT1 210203346122A' is selected.
19:09:10 INFO  : 'jtag frequency' command is executed.
19:09:10 INFO  : Context for 'APU' is selected.
19:09:12 INFO  : Hardware design information is loaded from '/home/anthony/git/tony-org/tutorial_2/project_702/project_702.sdk/topHdl_hw_platform_0/system.hdf'.
19:09:12 INFO  : 'configparams force-mem-access 1' command is executed.
19:09:12 INFO  : 'configparams force-mem-access 0' command is executed.
19:09:12 INFO  : ----------------XSDB Script----------------
connect -url tcp:127.0.0.1:3121
targets -set -nocase -filter {name =~"APU*" && jtag_cable_name =~ "Digilent JTAG-SMT1 210203346122A"} -index 0
loadhw -hw /home/anthony/git/tony-org/tutorial_2/project_702/project_702.sdk/topHdl_hw_platform_0/system.hdf -mem-ranges [list {0x40000000 0xbfffffff}]
configparams force-mem-access 1
configparams force-mem-access 0
----------------End of Script----------------

19:09:34 INFO  : Disconnected from the channel tcfchan#6.
19:09:57 INFO  : 'targets -set -filter {jtag_cable_name =~ "Digilent JTAG-SMT1 210203346122A" && level==0} -index 1' command is executed.
19:09:57 INFO  : 'fpga -state' command is executed.
19:09:57 INFO  : Connected to target on host '127.0.0.1' and port '3121'.
19:09:58 INFO  : Jtag cable 'Digilent JTAG-SMT1 210203346122A' is selected.
19:09:58 INFO  : 'jtag frequency' command is executed.
19:09:58 INFO  : Sourcing of '/home/anthony/git/tony-org/tutorial_2/project_702/project_702.sdk/topHdl_hw_platform_0/ps7_init.tcl' is done.
19:09:58 INFO  : Context for 'APU' is selected.
19:09:59 INFO  : Hardware design information is loaded from '/home/anthony/git/tony-org/tutorial_2/project_702/project_702.sdk/topHdl_hw_platform_0/system.hdf'.
19:09:59 INFO  : 'configparams force-mem-access 1' command is executed.
19:10:00 INFO  : Context for 'APU' is selected.
19:10:00 INFO  : 'stop' command is executed.
19:10:01 INFO  : 'ps7_init' command is executed.
19:10:01 INFO  : 'ps7_post_config' command is executed.
19:10:01 INFO  : Context for processor 'ps7_cortexa9_0' is selected.
19:10:01 INFO  : Processor reset is completed for 'ps7_cortexa9_0'.
19:10:01 INFO  : Context for processor 'ps7_cortexa9_0' is selected.
19:10:01 INFO  : The application '/home/anthony/git/tony-org/tutorial_2/project_702/project_702.sdk/hello_world/Debug/hello_world.elf' is downloaded to processor 'ps7_cortexa9_0'.
19:10:01 INFO  : 'configparams force-mem-access 0' command is executed.
19:10:01 INFO  : ----------------XSDB Script----------------
connect -url tcp:127.0.0.1:3121
source /home/anthony/git/tony-org/tutorial_2/project_702/project_702.sdk/topHdl_hw_platform_0/ps7_init.tcl
targets -set -nocase -filter {name =~"APU*" && jtag_cable_name =~ "Digilent JTAG-SMT1 210203346122A"} -index 0
loadhw -hw /home/anthony/git/tony-org/tutorial_2/project_702/project_702.sdk/topHdl_hw_platform_0/system.hdf -mem-ranges [list {0x40000000 0xbfffffff}]
configparams force-mem-access 1
targets -set -nocase -filter {name =~"APU*" && jtag_cable_name =~ "Digilent JTAG-SMT1 210203346122A"} -index 0
stop
ps7_init
ps7_post_config
targets -set -nocase -filter {name =~ "ARM*#0" && jtag_cable_name =~ "Digilent JTAG-SMT1 210203346122A"} -index 0
rst -processor
targets -set -nocase -filter {name =~ "ARM*#0" && jtag_cable_name =~ "Digilent JTAG-SMT1 210203346122A"} -index 0
dow /home/anthony/git/tony-org/tutorial_2/project_702/project_702.sdk/hello_world/Debug/hello_world.elf
configparams force-mem-access 0
----------------End of Script----------------

19:10:01 INFO  : Memory regions updated for context APU
19:10:01 INFO  : Context for processor 'ps7_cortexa9_0' is selected.
19:10:01 INFO  : 'con' command is executed.
19:10:01 INFO  : ----------------XSDB Script (After Launch)----------------
targets -set -nocase -filter {name =~ "ARM*#0" && jtag_cable_name =~ "Digilent JTAG-SMT1 210203346122A"} -index 0
con
----------------End of Script----------------

19:10:01 INFO  : Launch script is exported to file '/home/anthony/git/tony-org/tutorial_2/project_702/project_702.sdk/.sdk/launch_scripts/xilinx_c-c++_application_(system_debugger)/system_debugger_using_debug_hello_world.elf_on_local.tcl'
19:20:15 INFO  : Disconnected from the channel tcfchan#7.
19:20:35 INFO  : Registering command handlers for SDK TCF services
19:20:36 INFO  : Launching XSCT server: xsct -n -interactive /home/anthony/git/tony-org/tutorial_2/project_702/project_702.sdk/temp_xsdb_launch_script.tcl
19:20:38 INFO  : XSCT server has started successfully.
19:20:38 INFO  : Successfully done setting XSCT server connection channel  
19:20:38 INFO  : Successfully done setting SDK workspace  
19:20:38 INFO  : Processing command line option -hwspec /home/anthony/git/tony-org/tutorial_2/project_702/project_702.sdk/topHdl.hdf.
19:20:38 INFO  : Checking for hwspec changes in the project topHdl_hw_platform_0.
19:21:34 INFO  : Registering command handlers for SDK TCF services
19:21:35 INFO  : Launching XSCT server: xsct -n -interactive /home/anthony/git/tony-org/tutorial_2/project_702/project_702.sdk/temp_xsdb_launch_script.tcl
19:21:37 INFO  : XSCT server has started successfully.
19:21:37 INFO  : Successfully done setting XSCT server connection channel  
19:21:38 INFO  : Successfully done setting SDK workspace  
19:21:38 INFO  : Processing command line option -hwspec /home/anthony/git/tony-org/tutorial_2/project_702/project_702.sdk/topHdl.hdf.
19:21:38 INFO  : Checking for hwspec changes in the project topHdl_hw_platform_0.
19:21:59 INFO  : Connected to target on host '127.0.0.1' and port '3121'.
19:21:59 INFO  : 'targets -set -filter {jtag_cable_name =~ "Digilent JTAG-SMT1 210203346122A" && level==0} -index 1' command is executed.
19:22:02 INFO  : FPGA configured successfully with bitstream "/home/anthony/git/tony-org/tutorial_2/project_702/project_702.sdk/topHdl_hw_platform_0/topHdl.bit"
19:22:21 INFO  : 'targets -set -filter {jtag_cable_name =~ "Digilent JTAG-SMT1 210203346122A" && level==0} -index 1' command is executed.
19:22:21 INFO  : 'fpga -state' command is executed.
19:22:21 INFO  : Connected to target on host '127.0.0.1' and port '3121'.
19:22:21 INFO  : Jtag cable 'Digilent JTAG-SMT1 210203346122A' is selected.
19:22:21 INFO  : 'jtag frequency' command is executed.
19:22:21 INFO  : Sourcing of '/home/anthony/git/tony-org/tutorial_2/project_702/project_702.sdk/topHdl_hw_platform_0/ps7_init.tcl' is done.
19:22:21 INFO  : Context for 'APU' is selected.
19:22:21 INFO  : Hardware design information is loaded from '/home/anthony/git/tony-org/tutorial_2/project_702/project_702.sdk/topHdl_hw_platform_0/system.hdf'.
19:22:21 INFO  : 'configparams force-mem-access 1' command is executed.
19:22:21 INFO  : Context for 'APU' is selected.
19:22:21 INFO  : 'stop' command is executed.
19:22:22 INFO  : 'ps7_init' command is executed.
19:22:22 INFO  : 'ps7_post_config' command is executed.
19:22:22 INFO  : Context for processor 'ps7_cortexa9_0' is selected.
19:22:22 INFO  : Processor reset is completed for 'ps7_cortexa9_0'.
19:22:22 INFO  : Context for processor 'ps7_cortexa9_0' is selected.
19:22:22 INFO  : The application '/home/anthony/git/tony-org/tutorial_2/project_702/project_702.sdk/hello_world/Debug/hello_world.elf' is downloaded to processor 'ps7_cortexa9_0'.
19:22:22 INFO  : 'configparams force-mem-access 0' command is executed.
19:22:22 INFO  : ----------------XSDB Script----------------
connect -url tcp:127.0.0.1:3121
source /home/anthony/git/tony-org/tutorial_2/project_702/project_702.sdk/topHdl_hw_platform_0/ps7_init.tcl
targets -set -nocase -filter {name =~"APU*" && jtag_cable_name =~ "Digilent JTAG-SMT1 210203346122A"} -index 0
loadhw -hw /home/anthony/git/tony-org/tutorial_2/project_702/project_702.sdk/topHdl_hw_platform_0/system.hdf -mem-ranges [list {0x40000000 0xbfffffff}]
configparams force-mem-access 1
targets -set -nocase -filter {name =~"APU*" && jtag_cable_name =~ "Digilent JTAG-SMT1 210203346122A"} -index 0
stop
ps7_init
ps7_post_config
targets -set -nocase -filter {name =~ "ARM*#0" && jtag_cable_name =~ "Digilent JTAG-SMT1 210203346122A"} -index 0
rst -processor
targets -set -nocase -filter {name =~ "ARM*#0" && jtag_cable_name =~ "Digilent JTAG-SMT1 210203346122A"} -index 0
dow /home/anthony/git/tony-org/tutorial_2/project_702/project_702.sdk/hello_world/Debug/hello_world.elf
configparams force-mem-access 0
----------------End of Script----------------

19:22:23 INFO  : Memory regions updated for context APU
19:22:23 INFO  : Context for processor 'ps7_cortexa9_0' is selected.
19:22:23 INFO  : 'con' command is executed.
19:22:23 INFO  : ----------------XSDB Script (After Launch)----------------
targets -set -nocase -filter {name =~ "ARM*#0" && jtag_cable_name =~ "Digilent JTAG-SMT1 210203346122A"} -index 0
con
----------------End of Script----------------

19:22:23 INFO  : Launch script is exported to file '/home/anthony/git/tony-org/tutorial_2/project_702/project_702.sdk/.sdk/launch_scripts/xilinx_c-c++_application_(system_debugger)/system_debugger_using_debug_hello_world.elf_on_local.tcl'
19:40:19 INFO  : Disconnected from the channel tcfchan#1.
19:40:20 INFO  : 'targets -set -filter {jtag_cable_name =~ "Digilent JTAG-SMT1 210203346122A" && level==0} -index 1' command is executed.
19:40:20 INFO  : 'fpga -state' command is executed.
19:40:20 INFO  : Connected to target on host '127.0.0.1' and port '3121'.
19:40:20 INFO  : Jtag cable 'Digilent JTAG-SMT1 210203346122A' is selected.
19:40:20 INFO  : 'jtag frequency' command is executed.
19:40:20 INFO  : Sourcing of '/home/anthony/git/tony-org/tutorial_2/project_702/project_702.sdk/topHdl_hw_platform_0/ps7_init.tcl' is done.
19:40:20 INFO  : Context for 'APU' is selected.
19:40:22 INFO  : Hardware design information is loaded from '/home/anthony/git/tony-org/tutorial_2/project_702/project_702.sdk/topHdl_hw_platform_0/system.hdf'.
19:40:22 INFO  : 'configparams force-mem-access 1' command is executed.
19:40:22 INFO  : Context for 'APU' is selected.
19:40:22 INFO  : 'stop' command is executed.
19:40:23 INFO  : 'ps7_init' command is executed.
19:40:23 INFO  : 'ps7_post_config' command is executed.
19:40:23 INFO  : Context for processor 'ps7_cortexa9_0' is selected.
19:40:23 INFO  : Processor reset is completed for 'ps7_cortexa9_0'.
19:40:23 INFO  : Context for processor 'ps7_cortexa9_0' is selected.
19:40:24 INFO  : The application '/home/anthony/git/tony-org/tutorial_2/project_702/project_702.sdk/hello_world/Debug/hello_world.elf' is downloaded to processor 'ps7_cortexa9_0'.
19:40:24 INFO  : 'configparams force-mem-access 0' command is executed.
19:40:24 INFO  : ----------------XSDB Script----------------
connect -url tcp:127.0.0.1:3121
source /home/anthony/git/tony-org/tutorial_2/project_702/project_702.sdk/topHdl_hw_platform_0/ps7_init.tcl
targets -set -nocase -filter {name =~"APU*" && jtag_cable_name =~ "Digilent JTAG-SMT1 210203346122A"} -index 0
loadhw -hw /home/anthony/git/tony-org/tutorial_2/project_702/project_702.sdk/topHdl_hw_platform_0/system.hdf -mem-ranges [list {0x40000000 0xbfffffff}]
configparams force-mem-access 1
targets -set -nocase -filter {name =~"APU*" && jtag_cable_name =~ "Digilent JTAG-SMT1 210203346122A"} -index 0
stop
ps7_init
ps7_post_config
targets -set -nocase -filter {name =~ "ARM*#0" && jtag_cable_name =~ "Digilent JTAG-SMT1 210203346122A"} -index 0
rst -processor
targets -set -nocase -filter {name =~ "ARM*#0" && jtag_cable_name =~ "Digilent JTAG-SMT1 210203346122A"} -index 0
dow /home/anthony/git/tony-org/tutorial_2/project_702/project_702.sdk/hello_world/Debug/hello_world.elf
configparams force-mem-access 0
----------------End of Script----------------

19:40:24 INFO  : Memory regions updated for context APU
19:40:24 INFO  : Context for processor 'ps7_cortexa9_0' is selected.
19:40:24 INFO  : 'con' command is executed.
19:40:24 INFO  : ----------------XSDB Script (After Launch)----------------
targets -set -nocase -filter {name =~ "ARM*#0" && jtag_cable_name =~ "Digilent JTAG-SMT1 210203346122A"} -index 0
con
----------------End of Script----------------

19:40:24 INFO  : Launch script is exported to file '/home/anthony/git/tony-org/tutorial_2/project_702/project_702.sdk/.sdk/launch_scripts/xilinx_c-c++_application_(system_debugger)/system_debugger_using_debug_hello_world.elf_on_local.tcl'
19:58:12 INFO  : Disconnected from the channel tcfchan#2.
20:00:22 INFO  : 'targets -set -filter {jtag_cable_name =~ "Digilent JTAG-SMT1 210203346122A" && level==0} -index 1' command is executed.
20:00:22 INFO  : 'fpga -state' command is executed.
20:00:22 INFO  : Connected to target on host '127.0.0.1' and port '3121'.
20:00:22 INFO  : Jtag cable 'Digilent JTAG-SMT1 210203346122A' is selected.
20:00:22 INFO  : 'jtag frequency' command is executed.
20:00:22 INFO  : Sourcing of '/home/anthony/git/tony-org/tutorial_2/project_702/project_702.sdk/topHdl_hw_platform_0/ps7_init.tcl' is done.
20:00:22 INFO  : Context for 'APU' is selected.
20:00:23 INFO  : Hardware design information is loaded from '/home/anthony/git/tony-org/tutorial_2/project_702/project_702.sdk/topHdl_hw_platform_0/system.hdf'.
20:00:23 INFO  : 'configparams force-mem-access 1' command is executed.
20:00:24 INFO  : Context for 'APU' is selected.
20:00:24 INFO  : 'stop' command is executed.
20:00:25 INFO  : 'ps7_init' command is executed.
20:00:25 INFO  : 'ps7_post_config' command is executed.
20:00:25 INFO  : Context for processor 'ps7_cortexa9_0' is selected.
20:00:25 INFO  : Processor reset is completed for 'ps7_cortexa9_0'.
20:00:25 INFO  : Context for processor 'ps7_cortexa9_0' is selected.
20:00:25 INFO  : The application '/home/anthony/git/tony-org/tutorial_2/project_702/project_702.sdk/hello_world/Debug/hello_world.elf' is downloaded to processor 'ps7_cortexa9_0'.
20:00:25 INFO  : 'configparams force-mem-access 0' command is executed.
20:00:25 INFO  : ----------------XSDB Script----------------
connect -url tcp:127.0.0.1:3121
source /home/anthony/git/tony-org/tutorial_2/project_702/project_702.sdk/topHdl_hw_platform_0/ps7_init.tcl
targets -set -nocase -filter {name =~"APU*" && jtag_cable_name =~ "Digilent JTAG-SMT1 210203346122A"} -index 0
loadhw -hw /home/anthony/git/tony-org/tutorial_2/project_702/project_702.sdk/topHdl_hw_platform_0/system.hdf -mem-ranges [list {0x40000000 0xbfffffff}]
configparams force-mem-access 1
targets -set -nocase -filter {name =~"APU*" && jtag_cable_name =~ "Digilent JTAG-SMT1 210203346122A"} -index 0
stop
ps7_init
ps7_post_config
targets -set -nocase -filter {name =~ "ARM*#0" && jtag_cable_name =~ "Digilent JTAG-SMT1 210203346122A"} -index 0
rst -processor
targets -set -nocase -filter {name =~ "ARM*#0" && jtag_cable_name =~ "Digilent JTAG-SMT1 210203346122A"} -index 0
dow /home/anthony/git/tony-org/tutorial_2/project_702/project_702.sdk/hello_world/Debug/hello_world.elf
configparams force-mem-access 0
----------------End of Script----------------

20:00:25 INFO  : Memory regions updated for context APU
20:00:25 INFO  : Context for processor 'ps7_cortexa9_0' is selected.
20:00:25 INFO  : 'con' command is executed.
20:00:25 INFO  : ----------------XSDB Script (After Launch)----------------
targets -set -nocase -filter {name =~ "ARM*#0" && jtag_cable_name =~ "Digilent JTAG-SMT1 210203346122A"} -index 0
con
----------------End of Script----------------

20:00:25 INFO  : Launch script is exported to file '/home/anthony/git/tony-org/tutorial_2/project_702/project_702.sdk/.sdk/launch_scripts/xilinx_c-c++_application_(system_debugger)/system_debugger_using_debug_hello_world.elf_on_local.tcl'
20:01:03 INFO  : Disconnected from the channel tcfchan#3.
20:01:41 INFO  : 'targets -set -filter {jtag_cable_name =~ "Digilent JTAG-SMT1 210203346122A" && level==0} -index 1' command is executed.
20:01:41 INFO  : 'fpga -state' command is executed.
20:01:41 INFO  : Connected to target on host '127.0.0.1' and port '3121'.
20:01:41 INFO  : Jtag cable 'Digilent JTAG-SMT1 210203346122A' is selected.
20:01:41 INFO  : 'jtag frequency' command is executed.
20:01:41 INFO  : Sourcing of '/home/anthony/git/tony-org/tutorial_2/project_702/project_702.sdk/topHdl_hw_platform_0/ps7_init.tcl' is done.
20:01:41 INFO  : Context for 'APU' is selected.
20:01:43 INFO  : Hardware design information is loaded from '/home/anthony/git/tony-org/tutorial_2/project_702/project_702.sdk/topHdl_hw_platform_0/system.hdf'.
20:01:43 INFO  : 'configparams force-mem-access 1' command is executed.
20:01:43 INFO  : Context for 'APU' is selected.
20:01:43 INFO  : 'stop' command is executed.
20:01:45 INFO  : 'ps7_init' command is executed.
20:01:45 INFO  : 'ps7_post_config' command is executed.
20:01:45 INFO  : Context for processor 'ps7_cortexa9_0' is selected.
20:01:45 INFO  : Processor reset is completed for 'ps7_cortexa9_0'.
20:01:45 INFO  : Context for processor 'ps7_cortexa9_0' is selected.
20:01:45 INFO  : The application '/home/anthony/git/tony-org/tutorial_2/project_702/project_702.sdk/hello_world/Debug/hello_world.elf' is downloaded to processor 'ps7_cortexa9_0'.
20:01:45 INFO  : 'configparams force-mem-access 0' command is executed.
20:01:45 INFO  : ----------------XSDB Script----------------
connect -url tcp:127.0.0.1:3121
source /home/anthony/git/tony-org/tutorial_2/project_702/project_702.sdk/topHdl_hw_platform_0/ps7_init.tcl
targets -set -nocase -filter {name =~"APU*" && jtag_cable_name =~ "Digilent JTAG-SMT1 210203346122A"} -index 0
loadhw -hw /home/anthony/git/tony-org/tutorial_2/project_702/project_702.sdk/topHdl_hw_platform_0/system.hdf -mem-ranges [list {0x40000000 0xbfffffff}]
configparams force-mem-access 1
targets -set -nocase -filter {name =~"APU*" && jtag_cable_name =~ "Digilent JTAG-SMT1 210203346122A"} -index 0
stop
ps7_init
ps7_post_config
targets -set -nocase -filter {name =~ "ARM*#0" && jtag_cable_name =~ "Digilent JTAG-SMT1 210203346122A"} -index 0
rst -processor
targets -set -nocase -filter {name =~ "ARM*#0" && jtag_cable_name =~ "Digilent JTAG-SMT1 210203346122A"} -index 0
dow /home/anthony/git/tony-org/tutorial_2/project_702/project_702.sdk/hello_world/Debug/hello_world.elf
configparams force-mem-access 0
----------------End of Script----------------

20:01:45 INFO  : Memory regions updated for context APU
20:01:45 INFO  : Context for processor 'ps7_cortexa9_0' is selected.
20:01:45 INFO  : 'con' command is executed.
20:01:45 INFO  : ----------------XSDB Script (After Launch)----------------
targets -set -nocase -filter {name =~ "ARM*#0" && jtag_cable_name =~ "Digilent JTAG-SMT1 210203346122A"} -index 0
con
----------------End of Script----------------

20:01:45 INFO  : Launch script is exported to file '/home/anthony/git/tony-org/tutorial_2/project_702/project_702.sdk/.sdk/launch_scripts/xilinx_c-c++_application_(system_debugger)/system_debugger_using_debug_hello_world.elf_on_local.tcl'
20:39:05 INFO  : Disconnected from the channel tcfchan#4.
20:39:31 INFO  : 'targets -set -filter {jtag_cable_name =~ "Digilent JTAG-SMT1 210203346122A" && level==0} -index 1' command is executed.
20:39:31 INFO  : 'fpga -state' command is executed.
20:39:31 INFO  : Connected to target on host '127.0.0.1' and port '3121'.
20:39:31 INFO  : Jtag cable 'Digilent JTAG-SMT1 210203346122A' is selected.
20:39:31 INFO  : 'jtag frequency' command is executed.
20:39:31 INFO  : Sourcing of '/home/anthony/git/tony-org/tutorial_2/project_702/project_702.sdk/topHdl_hw_platform_0/ps7_init.tcl' is done.
20:39:31 INFO  : Context for 'APU' is selected.
20:39:33 INFO  : Hardware design information is loaded from '/home/anthony/git/tony-org/tutorial_2/project_702/project_702.sdk/topHdl_hw_platform_0/system.hdf'.
20:39:33 INFO  : 'configparams force-mem-access 1' command is executed.
20:39:33 INFO  : Context for 'APU' is selected.
20:39:33 INFO  : 'stop' command is executed.
20:39:34 INFO  : 'ps7_init' command is executed.
20:39:34 INFO  : 'ps7_post_config' command is executed.
20:39:34 INFO  : Context for processor 'ps7_cortexa9_0' is selected.
20:39:34 INFO  : Processor reset is completed for 'ps7_cortexa9_0'.
20:39:34 INFO  : Context for processor 'ps7_cortexa9_0' is selected.
20:39:35 INFO  : The application '/home/anthony/git/tony-org/tutorial_2/project_702/project_702.sdk/hello_world/Debug/hello_world.elf' is downloaded to processor 'ps7_cortexa9_0'.
20:39:35 INFO  : 'configparams force-mem-access 0' command is executed.
20:39:35 INFO  : ----------------XSDB Script----------------
connect -url tcp:127.0.0.1:3121
source /home/anthony/git/tony-org/tutorial_2/project_702/project_702.sdk/topHdl_hw_platform_0/ps7_init.tcl
targets -set -nocase -filter {name =~"APU*" && jtag_cable_name =~ "Digilent JTAG-SMT1 210203346122A"} -index 0
loadhw -hw /home/anthony/git/tony-org/tutorial_2/project_702/project_702.sdk/topHdl_hw_platform_0/system.hdf -mem-ranges [list {0x40000000 0xbfffffff}]
configparams force-mem-access 1
targets -set -nocase -filter {name =~"APU*" && jtag_cable_name =~ "Digilent JTAG-SMT1 210203346122A"} -index 0
stop
ps7_init
ps7_post_config
targets -set -nocase -filter {name =~ "ARM*#0" && jtag_cable_name =~ "Digilent JTAG-SMT1 210203346122A"} -index 0
rst -processor
targets -set -nocase -filter {name =~ "ARM*#0" && jtag_cable_name =~ "Digilent JTAG-SMT1 210203346122A"} -index 0
dow /home/anthony/git/tony-org/tutorial_2/project_702/project_702.sdk/hello_world/Debug/hello_world.elf
configparams force-mem-access 0
----------------End of Script----------------

20:39:35 INFO  : Memory regions updated for context APU
20:39:35 INFO  : Context for processor 'ps7_cortexa9_0' is selected.
20:39:35 INFO  : 'con' command is executed.
20:39:35 INFO  : ----------------XSDB Script (After Launch)----------------
targets -set -nocase -filter {name =~ "ARM*#0" && jtag_cable_name =~ "Digilent JTAG-SMT1 210203346122A"} -index 0
con
----------------End of Script----------------

20:39:35 INFO  : Launch script is exported to file '/home/anthony/git/tony-org/tutorial_2/project_702/project_702.sdk/.sdk/launch_scripts/xilinx_c-c++_application_(system_debugger)/system_debugger_using_debug_hello_world.elf_on_local.tcl'
20:39:48 INFO  : Disconnected from the channel tcfchan#5.
20:40:16 INFO  : 'targets -set -filter {jtag_cable_name =~ "Digilent JTAG-SMT1 210203346122A" && level==0} -index 1' command is executed.
20:40:16 INFO  : 'fpga -state' command is executed.
20:40:16 INFO  : Connected to target on host '127.0.0.1' and port '3121'.
20:40:16 INFO  : Jtag cable 'Digilent JTAG-SMT1 210203346122A' is selected.
20:40:16 INFO  : 'jtag frequency' command is executed.
20:40:16 INFO  : Sourcing of '/home/anthony/git/tony-org/tutorial_2/project_702/project_702.sdk/topHdl_hw_platform_0/ps7_init.tcl' is done.
20:40:16 INFO  : Context for 'APU' is selected.
20:40:18 INFO  : Hardware design information is loaded from '/home/anthony/git/tony-org/tutorial_2/project_702/project_702.sdk/topHdl_hw_platform_0/system.hdf'.
20:40:18 INFO  : 'configparams force-mem-access 1' command is executed.
20:40:18 INFO  : Context for 'APU' is selected.
20:40:18 INFO  : 'stop' command is executed.
20:40:19 INFO  : 'ps7_init' command is executed.
20:40:19 INFO  : 'ps7_post_config' command is executed.
20:40:19 INFO  : Context for processor 'ps7_cortexa9_0' is selected.
20:40:19 INFO  : Processor reset is completed for 'ps7_cortexa9_0'.
20:40:19 INFO  : Context for processor 'ps7_cortexa9_0' is selected.
20:40:20 INFO  : The application '/home/anthony/git/tony-org/tutorial_2/project_702/project_702.sdk/hello_world/Debug/hello_world.elf' is downloaded to processor 'ps7_cortexa9_0'.
20:40:20 INFO  : 'configparams force-mem-access 0' command is executed.
20:40:20 INFO  : ----------------XSDB Script----------------
connect -url tcp:127.0.0.1:3121
source /home/anthony/git/tony-org/tutorial_2/project_702/project_702.sdk/topHdl_hw_platform_0/ps7_init.tcl
targets -set -nocase -filter {name =~"APU*" && jtag_cable_name =~ "Digilent JTAG-SMT1 210203346122A"} -index 0
loadhw -hw /home/anthony/git/tony-org/tutorial_2/project_702/project_702.sdk/topHdl_hw_platform_0/system.hdf -mem-ranges [list {0x40000000 0xbfffffff}]
configparams force-mem-access 1
targets -set -nocase -filter {name =~"APU*" && jtag_cable_name =~ "Digilent JTAG-SMT1 210203346122A"} -index 0
stop
ps7_init
ps7_post_config
targets -set -nocase -filter {name =~ "ARM*#0" && jtag_cable_name =~ "Digilent JTAG-SMT1 210203346122A"} -index 0
rst -processor
targets -set -nocase -filter {name =~ "ARM*#0" && jtag_cable_name =~ "Digilent JTAG-SMT1 210203346122A"} -index 0
dow /home/anthony/git/tony-org/tutorial_2/project_702/project_702.sdk/hello_world/Debug/hello_world.elf
configparams force-mem-access 0
----------------End of Script----------------

20:40:20 INFO  : Memory regions updated for context APU
20:40:20 INFO  : Context for processor 'ps7_cortexa9_0' is selected.
20:40:20 INFO  : 'con' command is executed.
20:40:20 INFO  : ----------------XSDB Script (After Launch)----------------
targets -set -nocase -filter {name =~ "ARM*#0" && jtag_cable_name =~ "Digilent JTAG-SMT1 210203346122A"} -index 0
con
----------------End of Script----------------

20:40:20 INFO  : Launch script is exported to file '/home/anthony/git/tony-org/tutorial_2/project_702/project_702.sdk/.sdk/launch_scripts/xilinx_c-c++_application_(system_debugger)/system_debugger_using_debug_hello_world.elf_on_local.tcl'
20:40:34 INFO  : Disconnected from the channel tcfchan#6.
10:04:18 INFO  : Registering command handlers for SDK TCF services
10:04:20 INFO  : Launching XSCT server: xsct -n -interactive /home/anthony/git/tony-org/tutorial_2/project_702/project_702.sdk/temp_xsdb_launch_script.tcl
10:04:22 INFO  : XSCT server has started successfully.
10:04:22 INFO  : Successfully done setting XSCT server connection channel  
10:04:22 INFO  : Successfully done setting SDK workspace  
10:04:22 INFO  : Processing command line option -hwspec /home/anthony/git/tony-org/tutorial_2/project_702/project_702.sdk/topHdl.hdf.
10:04:22 INFO  : Checking for hwspec changes in the project topHdl_hw_platform_0.
10:10:23 INFO  : Connected to target on host '127.0.0.1' and port '3121'.
10:10:23 INFO  : 'targets -set -filter {jtag_cable_name =~ "Digilent JTAG-SMT1 210203346122A" && level==0} -index 1' command is executed.
10:10:26 INFO  : FPGA configured successfully with bitstream "/home/anthony/git/tony-org/tutorial_2/project_702/project_702.sdk/topHdl_hw_platform_0/topHdl.bit"
10:11:48 INFO  : 'targets -set -filter {jtag_cable_name =~ "Digilent JTAG-SMT1 210203346122A" && level==0} -index 1' command is executed.
10:11:48 INFO  : 'fpga -state' command is executed.
10:11:48 INFO  : Connected to target on host '127.0.0.1' and port '3121'.
10:11:49 INFO  : Jtag cable 'Digilent JTAG-SMT1 210203346122A' is selected.
10:11:49 INFO  : 'jtag frequency' command is executed.
10:11:49 INFO  : Sourcing of '/home/anthony/git/tony-org/tutorial_2/project_702/project_702.sdk/topHdl_hw_platform_0/ps7_init.tcl' is done.
10:11:49 INFO  : Context for 'APU' is selected.
10:11:49 INFO  : Hardware design information is loaded from '/home/anthony/git/tony-org/tutorial_2/project_702/project_702.sdk/topHdl_hw_platform_0/system.hdf'.
10:11:49 INFO  : 'configparams force-mem-access 1' command is executed.
10:11:49 INFO  : Context for 'APU' is selected.
10:11:49 INFO  : 'stop' command is executed.
10:11:50 INFO  : 'ps7_init' command is executed.
10:11:50 INFO  : 'ps7_post_config' command is executed.
10:11:50 INFO  : Context for processor 'ps7_cortexa9_0' is selected.
10:11:50 INFO  : Processor reset is completed for 'ps7_cortexa9_0'.
10:11:50 INFO  : Context for processor 'ps7_cortexa9_0' is selected.
10:11:50 INFO  : The application '/home/anthony/git/tony-org/tutorial_2/project_702/project_702.sdk/hello_world/Debug/hello_world.elf' is downloaded to processor 'ps7_cortexa9_0'.
10:11:50 INFO  : 'configparams force-mem-access 0' command is executed.
10:11:50 INFO  : ----------------XSDB Script----------------
connect -url tcp:127.0.0.1:3121
source /home/anthony/git/tony-org/tutorial_2/project_702/project_702.sdk/topHdl_hw_platform_0/ps7_init.tcl
targets -set -nocase -filter {name =~"APU*" && jtag_cable_name =~ "Digilent JTAG-SMT1 210203346122A"} -index 0
loadhw -hw /home/anthony/git/tony-org/tutorial_2/project_702/project_702.sdk/topHdl_hw_platform_0/system.hdf -mem-ranges [list {0x40000000 0xbfffffff}]
configparams force-mem-access 1
targets -set -nocase -filter {name =~"APU*" && jtag_cable_name =~ "Digilent JTAG-SMT1 210203346122A"} -index 0
stop
ps7_init
ps7_post_config
targets -set -nocase -filter {name =~ "ARM*#0" && jtag_cable_name =~ "Digilent JTAG-SMT1 210203346122A"} -index 0
rst -processor
targets -set -nocase -filter {name =~ "ARM*#0" && jtag_cable_name =~ "Digilent JTAG-SMT1 210203346122A"} -index 0
dow /home/anthony/git/tony-org/tutorial_2/project_702/project_702.sdk/hello_world/Debug/hello_world.elf
configparams force-mem-access 0
----------------End of Script----------------

10:11:50 INFO  : Memory regions updated for context APU
10:11:51 INFO  : Context for processor 'ps7_cortexa9_0' is selected.
10:11:51 INFO  : 'con' command is executed.
10:11:51 INFO  : ----------------XSDB Script (After Launch)----------------
targets -set -nocase -filter {name =~ "ARM*#0" && jtag_cable_name =~ "Digilent JTAG-SMT1 210203346122A"} -index 0
con
----------------End of Script----------------

10:11:51 INFO  : Launch script is exported to file '/home/anthony/git/tony-org/tutorial_2/project_702/project_702.sdk/.sdk/launch_scripts/xilinx_c-c++_application_(system_debugger)/system_debugger_using_debug_hello_world.elf_on_local.tcl'
11:20:45 INFO  : Disconnected from the channel tcfchan#1.
11:32:48 INFO  : SDK has detected change in the last modified timestamps for source hardware specification file Source:1541781124000,  Project:1541556240000
11:32:48 INFO  : Project topHdl_hw_platform_0's source hardware specification located at /home/anthony/git/tony-org/tutorial_2/project_702/project_702.sdk/topHdl.hdf is now different from the local copy.
		 The local copy will be replaced with the source specification and your workspace will be updated.
11:32:58 INFO  : Copied contents of /home/anthony/git/tony-org/tutorial_2/project_702/project_702.sdk/topHdl.hdf into /topHdl_hw_platform_0/system.hdf.
11:33:01 INFO  : Synchronizing projects in the workspace with the hardware platform specification changes.
11:33:02 INFO  : 
11:33:03 INFO  : Updating hardware inferred compiler options for hello_world.
11:33:03 INFO  : Clearing existing target manager status.
11:33:18 INFO  : Connected to target on host '127.0.0.1' and port '3121'.
11:33:19 INFO  : 'targets -set -filter {jtag_cable_name =~ "Digilent JTAG-SMT1 210203346122A" && level==0} -index 1' command is executed.
11:33:21 INFO  : FPGA configured successfully with bitstream "/home/anthony/git/tony-org/tutorial_2/project_702/project_702.sdk/topHdl_hw_platform_0/topHdl.bit"
11:34:03 INFO  : 'targets -set -filter {jtag_cable_name =~ "Digilent JTAG-SMT1 210203346122A" && level==0} -index 1' command is executed.
11:34:03 INFO  : 'fpga -state' command is executed.
11:34:03 INFO  : Connected to target on host '127.0.0.1' and port '3121'.
11:34:03 INFO  : Jtag cable 'Digilent JTAG-SMT1 210203346122A' is selected.
11:34:03 INFO  : 'jtag frequency' command is executed.
11:34:03 INFO  : Sourcing of '/home/anthony/git/tony-org/tutorial_2/project_702/project_702.sdk/topHdl_hw_platform_0/ps7_init.tcl' is done.
11:34:03 INFO  : Context for 'APU' is selected.
11:34:03 INFO  : Hardware design information is loaded from '/home/anthony/git/tony-org/tutorial_2/project_702/project_702.sdk/topHdl_hw_platform_0/system.hdf'.
11:34:03 INFO  : 'configparams force-mem-access 1' command is executed.
11:34:03 INFO  : Context for 'APU' is selected.
11:34:03 INFO  : 'stop' command is executed.
11:34:05 INFO  : 'ps7_init' command is executed.
11:34:05 INFO  : 'ps7_post_config' command is executed.
11:34:05 INFO  : Context for processor 'ps7_cortexa9_0' is selected.
11:34:05 INFO  : Processor reset is completed for 'ps7_cortexa9_0'.
11:34:05 INFO  : Context for processor 'ps7_cortexa9_0' is selected.
11:34:05 INFO  : The application '/home/anthony/git/tony-org/tutorial_2/project_702/project_702.sdk/hello_world/Debug/hello_world.elf' is downloaded to processor 'ps7_cortexa9_0'.
11:34:05 INFO  : 'configparams force-mem-access 0' command is executed.
11:34:05 INFO  : ----------------XSDB Script----------------
connect -url tcp:127.0.0.1:3121
source /home/anthony/git/tony-org/tutorial_2/project_702/project_702.sdk/topHdl_hw_platform_0/ps7_init.tcl
targets -set -nocase -filter {name =~"APU*" && jtag_cable_name =~ "Digilent JTAG-SMT1 210203346122A"} -index 0
loadhw -hw /home/anthony/git/tony-org/tutorial_2/project_702/project_702.sdk/topHdl_hw_platform_0/system.hdf -mem-ranges [list {0x40000000 0xbfffffff}]
configparams force-mem-access 1
targets -set -nocase -filter {name =~"APU*" && jtag_cable_name =~ "Digilent JTAG-SMT1 210203346122A"} -index 0
stop
ps7_init
ps7_post_config
targets -set -nocase -filter {name =~ "ARM*#0" && jtag_cable_name =~ "Digilent JTAG-SMT1 210203346122A"} -index 0
rst -processor
targets -set -nocase -filter {name =~ "ARM*#0" && jtag_cable_name =~ "Digilent JTAG-SMT1 210203346122A"} -index 0
dow /home/anthony/git/tony-org/tutorial_2/project_702/project_702.sdk/hello_world/Debug/hello_world.elf
configparams force-mem-access 0
----------------End of Script----------------

11:34:05 INFO  : Memory regions updated for context APU
11:34:05 INFO  : Context for processor 'ps7_cortexa9_0' is selected.
11:34:05 INFO  : 'con' command is executed.
11:34:05 INFO  : ----------------XSDB Script (After Launch)----------------
targets -set -nocase -filter {name =~ "ARM*#0" && jtag_cable_name =~ "Digilent JTAG-SMT1 210203346122A"} -index 0
con
----------------End of Script----------------

11:34:05 INFO  : Launch script is exported to file '/home/anthony/git/tony-org/tutorial_2/project_702/project_702.sdk/.sdk/launch_scripts/xilinx_c-c++_application_(system_debugger)/system_debugger_using_debug_hello_world.elf_on_local.tcl'
11:34:41 INFO  : Disconnected from the channel tcfchan#2.
11:36:28 INFO  : Registering command handlers for SDK TCF services
11:36:29 INFO  : Launching XSCT server: xsct -n -interactive /home/anthony/git/tony-org/tutorial_2/project_702/project_702.sdk/temp_xsdb_launch_script.tcl
11:36:31 INFO  : XSCT server has started successfully.
11:36:31 INFO  : Successfully done setting XSCT server connection channel  
11:36:31 INFO  : Successfully done setting SDK workspace  
11:36:31 INFO  : Processing command line option -hwspec /home/anthony/git/tony-org/tutorial_2/project_702/project_702.sdk/topHdl.hdf.
11:36:31 INFO  : Checking for hwspec changes in the project topHdl_hw_platform_0.
11:37:02 INFO  : 'targets -set -filter {jtag_cable_name =~ "Digilent JTAG-SMT1 210203346122A" && level==0} -index 1' command is executed.
11:37:02 INFO  : 'fpga -state' command is executed.
11:37:02 INFO  : Connected to target on host '127.0.0.1' and port '3121'.
11:37:03 INFO  : Jtag cable 'Digilent JTAG-SMT1 210203346122A' is selected.
11:37:03 INFO  : 'jtag frequency' command is executed.
11:37:03 INFO  : Sourcing of '/home/anthony/git/tony-org/tutorial_2/project_702/project_702.sdk/topHdl_hw_platform_0/ps7_init.tcl' is done.
11:37:03 INFO  : Context for 'APU' is selected.
11:37:03 INFO  : Hardware design information is loaded from '/home/anthony/git/tony-org/tutorial_2/project_702/project_702.sdk/topHdl_hw_platform_0/system.hdf'.
11:37:03 INFO  : 'configparams force-mem-access 1' command is executed.
11:37:03 INFO  : Context for 'APU' is selected.
11:37:03 INFO  : 'stop' command is executed.
11:37:04 INFO  : 'ps7_init' command is executed.
11:37:04 INFO  : 'ps7_post_config' command is executed.
11:37:04 INFO  : Context for processor 'ps7_cortexa9_0' is selected.
11:37:04 INFO  : Processor reset is completed for 'ps7_cortexa9_0'.
11:37:04 INFO  : Context for processor 'ps7_cortexa9_0' is selected.
11:37:04 INFO  : The application '/home/anthony/git/tony-org/tutorial_2/project_702/project_702.sdk/hello_world/Debug/hello_world.elf' is downloaded to processor 'ps7_cortexa9_0'.
11:37:04 INFO  : 'configparams force-mem-access 0' command is executed.
11:37:04 INFO  : ----------------XSDB Script----------------
connect -url tcp:127.0.0.1:3121
source /home/anthony/git/tony-org/tutorial_2/project_702/project_702.sdk/topHdl_hw_platform_0/ps7_init.tcl
targets -set -nocase -filter {name =~"APU*" && jtag_cable_name =~ "Digilent JTAG-SMT1 210203346122A"} -index 0
loadhw -hw /home/anthony/git/tony-org/tutorial_2/project_702/project_702.sdk/topHdl_hw_platform_0/system.hdf -mem-ranges [list {0x40000000 0xbfffffff}]
configparams force-mem-access 1
targets -set -nocase -filter {name =~"APU*" && jtag_cable_name =~ "Digilent JTAG-SMT1 210203346122A"} -index 0
stop
ps7_init
ps7_post_config
targets -set -nocase -filter {name =~ "ARM*#0" && jtag_cable_name =~ "Digilent JTAG-SMT1 210203346122A"} -index 0
rst -processor
targets -set -nocase -filter {name =~ "ARM*#0" && jtag_cable_name =~ "Digilent JTAG-SMT1 210203346122A"} -index 0
dow /home/anthony/git/tony-org/tutorial_2/project_702/project_702.sdk/hello_world/Debug/hello_world.elf
configparams force-mem-access 0
----------------End of Script----------------

11:37:05 INFO  : Memory regions updated for context APU
11:37:05 INFO  : Context for processor 'ps7_cortexa9_0' is selected.
11:37:05 INFO  : 'con' command is executed.
11:37:05 INFO  : ----------------XSDB Script (After Launch)----------------
targets -set -nocase -filter {name =~ "ARM*#0" && jtag_cable_name =~ "Digilent JTAG-SMT1 210203346122A"} -index 0
con
----------------End of Script----------------

11:37:05 INFO  : Launch script is exported to file '/home/anthony/git/tony-org/tutorial_2/project_702/project_702.sdk/.sdk/launch_scripts/xilinx_c-c++_application_(system_debugger)/system_debugger_using_debug_hello_world.elf_on_local.tcl'
11:37:14 INFO  : Disconnected from the channel tcfchan#1.
14:52:35 INFO  : Registering command handlers for SDK TCF services
14:52:36 INFO  : Launching XSCT server: xsct -n -interactive /home/anthony/git/tony-org/tutorial_2/project_702/project_702.sdk/temp_xsdb_launch_script.tcl
14:52:38 INFO  : XSCT server has started successfully.
14:52:38 INFO  : Successfully done setting XSCT server connection channel  
14:52:38 INFO  : Successfully done setting SDK workspace  
14:52:38 INFO  : Processing command line option -hwspec /home/anthony/git/tony-org/tutorial_2/project_702/project_702.sdk/topHdl.hdf.
14:52:38 INFO  : Checking for hwspec changes in the project topHdl_hw_platform_0.
14:52:41 INFO  : SDK has detected change in the last modified timestamps for source hardware specification file Source:1541793026000,  Project:1541781124000
14:52:41 INFO  : The hardware specification for project 'topHdl_hw_platform_0' is different from /home/anthony/git/tony-org/tutorial_2/project_702/project_702.sdk/topHdl.hdf.
14:52:41 INFO  : Copied contents of /home/anthony/git/tony-org/tutorial_2/project_702/project_702.sdk/topHdl.hdf into /topHdl_hw_platform_0/system.hdf.
14:52:44 INFO  : Synchronizing projects in the workspace with the hardware platform specification changes.
14:52:45 INFO  : 
14:52:46 INFO  : Updating hardware inferred compiler options for hello_world.
14:52:46 INFO  : Clearing existing target manager status.
14:54:43 INFO  : Connected to target on host '127.0.0.1' and port '3121'.
14:54:58 ERROR : 'targets -set -filter {jtag_cable_name =~ "Digilent JTAG-SMT1 210203346122A" && level==0} -index 1' is cancelled.
14:54:58 INFO  : Issued abort command to xsdb.
14:55:04 INFO  : Connected to target on host '127.0.0.1' and port '3121'.
14:55:04 INFO  : 'targets -set -filter {jtag_cable_name =~ "Digilent JTAG-SMT1 210203346122A" && level==0} -index 1' command is executed.
14:55:07 INFO  : FPGA configured successfully with bitstream "/home/anthony/git/tony-org/tutorial_2/project_702/project_702.sdk/topHdl_hw_platform_0/topHdl.bit"
14:55:14 INFO  : 'targets -set -filter {jtag_cable_name =~ "Digilent JTAG-SMT1 210203346122A" && level==0} -index 1' command is executed.
14:55:14 INFO  : 'fpga -state' command is executed.
14:55:14 INFO  : Connected to target on host '127.0.0.1' and port '3121'.
14:55:14 INFO  : Jtag cable 'Digilent JTAG-SMT1 210203346122A' is selected.
14:55:14 INFO  : 'jtag frequency' command is executed.
14:55:14 INFO  : Sourcing of '/home/anthony/git/tony-org/tutorial_2/project_702/project_702.sdk/topHdl_hw_platform_0/ps7_init.tcl' is done.
14:55:14 INFO  : Context for 'APU' is selected.
14:55:14 INFO  : Hardware design information is loaded from '/home/anthony/git/tony-org/tutorial_2/project_702/project_702.sdk/topHdl_hw_platform_0/system.hdf'.
14:55:14 INFO  : 'configparams force-mem-access 1' command is executed.
14:55:14 INFO  : Context for 'APU' is selected.
14:55:14 INFO  : 'stop' command is executed.
14:55:16 INFO  : 'ps7_init' command is executed.
14:55:16 INFO  : 'ps7_post_config' command is executed.
14:55:16 INFO  : Context for processor 'ps7_cortexa9_0' is selected.
14:55:16 INFO  : Processor reset is completed for 'ps7_cortexa9_0'.
14:55:16 INFO  : Context for processor 'ps7_cortexa9_0' is selected.
14:55:16 INFO  : The application '/home/anthony/git/tony-org/tutorial_2/project_702/project_702.sdk/hello_world/Debug/hello_world.elf' is downloaded to processor 'ps7_cortexa9_0'.
14:55:16 INFO  : 'configparams force-mem-access 0' command is executed.
14:55:16 INFO  : ----------------XSDB Script----------------
connect -url tcp:127.0.0.1:3121
source /home/anthony/git/tony-org/tutorial_2/project_702/project_702.sdk/topHdl_hw_platform_0/ps7_init.tcl
targets -set -nocase -filter {name =~"APU*" && jtag_cable_name =~ "Digilent JTAG-SMT1 210203346122A"} -index 0
loadhw -hw /home/anthony/git/tony-org/tutorial_2/project_702/project_702.sdk/topHdl_hw_platform_0/system.hdf -mem-ranges [list {0x40000000 0xbfffffff}]
configparams force-mem-access 1
targets -set -nocase -filter {name =~"APU*" && jtag_cable_name =~ "Digilent JTAG-SMT1 210203346122A"} -index 0
stop
ps7_init
ps7_post_config
targets -set -nocase -filter {name =~ "ARM*#0" && jtag_cable_name =~ "Digilent JTAG-SMT1 210203346122A"} -index 0
rst -processor
targets -set -nocase -filter {name =~ "ARM*#0" && jtag_cable_name =~ "Digilent JTAG-SMT1 210203346122A"} -index 0
dow /home/anthony/git/tony-org/tutorial_2/project_702/project_702.sdk/hello_world/Debug/hello_world.elf
configparams force-mem-access 0
----------------End of Script----------------

14:55:16 INFO  : Memory regions updated for context APU
14:55:16 INFO  : Context for processor 'ps7_cortexa9_0' is selected.
14:55:16 INFO  : 'con' command is executed.
14:55:16 INFO  : ----------------XSDB Script (After Launch)----------------
targets -set -nocase -filter {name =~ "ARM*#0" && jtag_cable_name =~ "Digilent JTAG-SMT1 210203346122A"} -index 0
con
----------------End of Script----------------

14:55:16 INFO  : Launch script is exported to file '/home/anthony/git/tony-org/tutorial_2/project_702/project_702.sdk/.sdk/launch_scripts/xilinx_c-c++_application_(system_debugger)/system_debugger_using_debug_hello_world.elf_on_local.tcl'
17:45:45 INFO  : Connected to target on host '127.0.0.1' and port '3121'.
17:45:45 INFO  : 'targets -set -filter {jtag_cable_name =~ "Digilent JTAG-SMT1 210203346122A" && level==0} -index 1' command is executed.
17:45:48 INFO  : FPGA configured successfully with bitstream "/home/anthony/git/tony-org/tutorial_2/project_702/project_702.sdk/topHdl_hw_platform_0/topHdl.bit"
17:45:58 INFO  : Disconnected from the channel tcfchan#1.
17:45:59 INFO  : 'targets -set -filter {jtag_cable_name =~ "Digilent JTAG-SMT1 210203346122A" && level==0} -index 1' command is executed.
17:45:59 INFO  : 'fpga -state' command is executed.
17:46:00 INFO  : Connected to target on host '127.0.0.1' and port '3121'.
17:46:00 INFO  : Jtag cable 'Digilent JTAG-SMT1 210203346122A' is selected.
17:46:00 INFO  : 'jtag frequency' command is executed.
17:46:00 INFO  : Sourcing of '/home/anthony/git/tony-org/tutorial_2/project_702/project_702.sdk/topHdl_hw_platform_0/ps7_init.tcl' is done.
17:46:00 INFO  : Context for 'APU' is selected.
17:46:01 INFO  : Hardware design information is loaded from '/home/anthony/git/tony-org/tutorial_2/project_702/project_702.sdk/topHdl_hw_platform_0/system.hdf'.
17:46:01 INFO  : 'configparams force-mem-access 1' command is executed.
17:46:01 INFO  : Context for 'APU' is selected.
17:46:02 INFO  : 'stop' command is executed.
17:46:03 INFO  : 'ps7_init' command is executed.
17:46:03 INFO  : 'ps7_post_config' command is executed.
17:46:03 INFO  : Context for processor 'ps7_cortexa9_0' is selected.
17:46:03 INFO  : Processor reset is completed for 'ps7_cortexa9_0'.
17:46:03 INFO  : Context for processor 'ps7_cortexa9_0' is selected.
17:46:03 INFO  : The application '/home/anthony/git/tony-org/tutorial_2/project_702/project_702.sdk/hello_world/Debug/hello_world.elf' is downloaded to processor 'ps7_cortexa9_0'.
17:46:03 INFO  : 'configparams force-mem-access 0' command is executed.
17:46:03 INFO  : ----------------XSDB Script----------------
connect -url tcp:127.0.0.1:3121
source /home/anthony/git/tony-org/tutorial_2/project_702/project_702.sdk/topHdl_hw_platform_0/ps7_init.tcl
targets -set -nocase -filter {name =~"APU*" && jtag_cable_name =~ "Digilent JTAG-SMT1 210203346122A"} -index 0
loadhw -hw /home/anthony/git/tony-org/tutorial_2/project_702/project_702.sdk/topHdl_hw_platform_0/system.hdf -mem-ranges [list {0x40000000 0xbfffffff}]
configparams force-mem-access 1
targets -set -nocase -filter {name =~"APU*" && jtag_cable_name =~ "Digilent JTAG-SMT1 210203346122A"} -index 0
stop
ps7_init
ps7_post_config
targets -set -nocase -filter {name =~ "ARM*#0" && jtag_cable_name =~ "Digilent JTAG-SMT1 210203346122A"} -index 0
rst -processor
targets -set -nocase -filter {name =~ "ARM*#0" && jtag_cable_name =~ "Digilent JTAG-SMT1 210203346122A"} -index 0
dow /home/anthony/git/tony-org/tutorial_2/project_702/project_702.sdk/hello_world/Debug/hello_world.elf
configparams force-mem-access 0
----------------End of Script----------------

17:46:03 INFO  : Memory regions updated for context APU
17:46:03 INFO  : Context for processor 'ps7_cortexa9_0' is selected.
17:46:03 INFO  : 'con' command is executed.
17:46:03 INFO  : ----------------XSDB Script (After Launch)----------------
targets -set -nocase -filter {name =~ "ARM*#0" && jtag_cable_name =~ "Digilent JTAG-SMT1 210203346122A"} -index 0
con
----------------End of Script----------------

17:46:03 INFO  : Launch script is exported to file '/home/anthony/git/tony-org/tutorial_2/project_702/project_702.sdk/.sdk/launch_scripts/xilinx_c-c++_application_(system_debugger)/system_debugger_using_debug_hello_world.elf_on_local.tcl'
17:51:54 INFO  : Disconnected from the channel tcfchan#2.
19:26:37 INFO  : Registering command handlers for SDK TCF services
19:26:38 INFO  : Launching XSCT server: xsct -n -interactive /home/anthony/git/tony-org/tutorial_2/project_702/project_702.sdk/temp_xsdb_launch_script.tcl
19:26:40 INFO  : XSCT server has started successfully.
19:26:40 INFO  : Successfully done setting XSCT server connection channel  
19:26:40 INFO  : Successfully done setting SDK workspace  
19:26:40 INFO  : Processing command line option -hwspec /home/anthony/git/tony-org/tutorial_2/project_702/project_702.sdk/topHdl.hdf.
19:26:40 INFO  : Checking for hwspec changes in the project topHdl_hw_platform_0.
19:26:43 INFO  : SDK has detected change in the last modified timestamps for source hardware specification file Source:1541809537000,  Project:1541793026000
19:26:43 INFO  : The hardware specification for project 'topHdl_hw_platform_0' is different from /home/anthony/git/tony-org/tutorial_2/project_702/project_702.sdk/topHdl.hdf.
19:26:43 INFO  : Copied contents of /home/anthony/git/tony-org/tutorial_2/project_702/project_702.sdk/topHdl.hdf into /topHdl_hw_platform_0/system.hdf.
19:26:47 INFO  : Synchronizing projects in the workspace with the hardware platform specification changes.
19:26:48 INFO  : 
19:26:49 INFO  : Updating hardware inferred compiler options for hello_world.
19:26:49 INFO  : Clearing existing target manager status.
19:26:59 INFO  : Connected to target on host '127.0.0.1' and port '3121'.
19:26:59 INFO  : 'targets -set -filter {jtag_cable_name =~ "Digilent JTAG-SMT1 210203346122A" && level==0} -index 1' command is executed.
19:27:02 INFO  : FPGA configured successfully with bitstream "/home/anthony/git/tony-org/tutorial_2/project_702/project_702.sdk/topHdl_hw_platform_0/topHdl.bit"
19:29:55 INFO  : 'targets -set -filter {jtag_cable_name =~ "Digilent JTAG-SMT1 210203346122A" && level==0} -index 1' command is executed.
19:29:55 INFO  : 'fpga -state' command is executed.
19:29:55 INFO  : Connected to target on host '127.0.0.1' and port '3121'.
19:29:55 INFO  : Jtag cable 'Digilent JTAG-SMT1 210203346122A' is selected.
19:29:55 INFO  : 'jtag frequency' command is executed.
19:29:55 INFO  : Sourcing of '/home/anthony/git/tony-org/tutorial_2/project_702/project_702.sdk/topHdl_hw_platform_0/ps7_init.tcl' is done.
19:29:55 INFO  : Context for 'APU' is selected.
19:29:56 INFO  : Hardware design information is loaded from '/home/anthony/git/tony-org/tutorial_2/project_702/project_702.sdk/topHdl_hw_platform_0/system.hdf'.
19:29:56 INFO  : 'configparams force-mem-access 1' command is executed.
19:29:56 INFO  : Context for 'APU' is selected.
19:29:56 INFO  : 'stop' command is executed.
19:29:57 INFO  : 'ps7_init' command is executed.
19:29:57 INFO  : 'ps7_post_config' command is executed.
19:29:57 INFO  : Context for processor 'ps7_cortexa9_0' is selected.
19:29:57 INFO  : Processor reset is completed for 'ps7_cortexa9_0'.
19:29:57 INFO  : Context for processor 'ps7_cortexa9_0' is selected.
19:29:57 INFO  : The application '/home/anthony/git/tony-org/tutorial_2/project_702/project_702.sdk/hello_world/Debug/hello_world.elf' is downloaded to processor 'ps7_cortexa9_0'.
19:29:57 INFO  : 'configparams force-mem-access 0' command is executed.
19:29:57 INFO  : ----------------XSDB Script----------------
connect -url tcp:127.0.0.1:3121
source /home/anthony/git/tony-org/tutorial_2/project_702/project_702.sdk/topHdl_hw_platform_0/ps7_init.tcl
targets -set -nocase -filter {name =~"APU*" && jtag_cable_name =~ "Digilent JTAG-SMT1 210203346122A"} -index 0
loadhw -hw /home/anthony/git/tony-org/tutorial_2/project_702/project_702.sdk/topHdl_hw_platform_0/system.hdf -mem-ranges [list {0x40000000 0xbfffffff}]
configparams force-mem-access 1
targets -set -nocase -filter {name =~"APU*" && jtag_cable_name =~ "Digilent JTAG-SMT1 210203346122A"} -index 0
stop
ps7_init
ps7_post_config
targets -set -nocase -filter {name =~ "ARM*#0" && jtag_cable_name =~ "Digilent JTAG-SMT1 210203346122A"} -index 0
rst -processor
targets -set -nocase -filter {name =~ "ARM*#0" && jtag_cable_name =~ "Digilent JTAG-SMT1 210203346122A"} -index 0
dow /home/anthony/git/tony-org/tutorial_2/project_702/project_702.sdk/hello_world/Debug/hello_world.elf
configparams force-mem-access 0
----------------End of Script----------------

19:29:57 INFO  : Memory regions updated for context APU
19:29:57 INFO  : Context for processor 'ps7_cortexa9_0' is selected.
19:29:57 INFO  : 'con' command is executed.
19:29:57 INFO  : ----------------XSDB Script (After Launch)----------------
targets -set -nocase -filter {name =~ "ARM*#0" && jtag_cable_name =~ "Digilent JTAG-SMT1 210203346122A"} -index 0
con
----------------End of Script----------------

19:29:57 INFO  : Launch script is exported to file '/home/anthony/git/tony-org/tutorial_2/project_702/project_702.sdk/.sdk/launch_scripts/xilinx_c-c++_application_(system_debugger)/system_debugger_using_debug_hello_world.elf_on_local.tcl'
20:13:29 INFO  : Disconnected from the channel tcfchan#1.
20:13:30 INFO  : 'targets -set -filter {jtag_cable_name =~ "Digilent JTAG-SMT1 210203346122A" && level==0} -index 1' command is executed.
20:13:30 INFO  : 'fpga -state' command is executed.
20:13:30 INFO  : Connected to target on host '127.0.0.1' and port '3121'.
20:13:30 INFO  : Jtag cable 'Digilent JTAG-SMT1 210203346122A' is selected.
20:13:30 INFO  : 'jtag frequency' command is executed.
20:13:30 INFO  : Sourcing of '/home/anthony/git/tony-org/tutorial_2/project_702/project_702.sdk/topHdl_hw_platform_0/ps7_init.tcl' is done.
20:13:30 INFO  : Context for 'APU' is selected.
20:13:32 INFO  : Hardware design information is loaded from '/home/anthony/git/tony-org/tutorial_2/project_702/project_702.sdk/topHdl_hw_platform_0/system.hdf'.
20:13:32 INFO  : 'configparams force-mem-access 1' command is executed.
20:13:32 INFO  : Context for 'APU' is selected.
20:13:32 INFO  : 'stop' command is executed.
20:13:33 INFO  : 'ps7_init' command is executed.
20:13:33 INFO  : 'ps7_post_config' command is executed.
20:13:33 INFO  : Context for processor 'ps7_cortexa9_0' is selected.
20:13:33 INFO  : Processor reset is completed for 'ps7_cortexa9_0'.
20:13:33 INFO  : Context for processor 'ps7_cortexa9_0' is selected.
20:13:33 INFO  : The application '/home/anthony/git/tony-org/tutorial_2/project_702/project_702.sdk/hello_world/Debug/hello_world.elf' is downloaded to processor 'ps7_cortexa9_0'.
20:13:33 INFO  : 'configparams force-mem-access 0' command is executed.
20:13:33 INFO  : ----------------XSDB Script----------------
connect -url tcp:127.0.0.1:3121
source /home/anthony/git/tony-org/tutorial_2/project_702/project_702.sdk/topHdl_hw_platform_0/ps7_init.tcl
targets -set -nocase -filter {name =~"APU*" && jtag_cable_name =~ "Digilent JTAG-SMT1 210203346122A"} -index 0
loadhw -hw /home/anthony/git/tony-org/tutorial_2/project_702/project_702.sdk/topHdl_hw_platform_0/system.hdf -mem-ranges [list {0x40000000 0xbfffffff}]
configparams force-mem-access 1
targets -set -nocase -filter {name =~"APU*" && jtag_cable_name =~ "Digilent JTAG-SMT1 210203346122A"} -index 0
stop
ps7_init
ps7_post_config
targets -set -nocase -filter {name =~ "ARM*#0" && jtag_cable_name =~ "Digilent JTAG-SMT1 210203346122A"} -index 0
rst -processor
targets -set -nocase -filter {name =~ "ARM*#0" && jtag_cable_name =~ "Digilent JTAG-SMT1 210203346122A"} -index 0
dow /home/anthony/git/tony-org/tutorial_2/project_702/project_702.sdk/hello_world/Debug/hello_world.elf
configparams force-mem-access 0
----------------End of Script----------------

20:13:33 INFO  : Memory regions updated for context APU
20:13:34 INFO  : Context for processor 'ps7_cortexa9_0' is selected.
20:13:34 INFO  : 'con' command is executed.
20:13:34 INFO  : ----------------XSDB Script (After Launch)----------------
targets -set -nocase -filter {name =~ "ARM*#0" && jtag_cable_name =~ "Digilent JTAG-SMT1 210203346122A"} -index 0
con
----------------End of Script----------------

20:13:34 INFO  : Launch script is exported to file '/home/anthony/git/tony-org/tutorial_2/project_702/project_702.sdk/.sdk/launch_scripts/xilinx_c-c++_application_(system_debugger)/system_debugger_using_debug_hello_world.elf_on_local.tcl'
20:14:23 INFO  : Disconnected from the channel tcfchan#2.
20:14:50 INFO  : 'targets -set -filter {jtag_cable_name =~ "Digilent JTAG-SMT1 210203346122A" && level==0} -index 1' command is executed.
20:14:50 INFO  : 'fpga -state' command is executed.
20:14:50 INFO  : Connected to target on host '127.0.0.1' and port '3121'.
20:14:50 INFO  : Jtag cable 'Digilent JTAG-SMT1 210203346122A' is selected.
20:14:50 INFO  : 'jtag frequency' command is executed.
20:14:50 INFO  : Sourcing of '/home/anthony/git/tony-org/tutorial_2/project_702/project_702.sdk/topHdl_hw_platform_0/ps7_init.tcl' is done.
20:14:50 INFO  : Context for 'APU' is selected.
20:14:50 INFO  : Hardware design information is loaded from '/home/anthony/git/tony-org/tutorial_2/project_702/project_702.sdk/topHdl_hw_platform_0/system.hdf'.
20:14:50 INFO  : 'configparams force-mem-access 1' command is executed.
20:14:50 INFO  : Context for 'APU' is selected.
20:14:50 INFO  : 'stop' command is executed.
20:14:52 INFO  : 'ps7_init' command is executed.
20:14:52 INFO  : 'ps7_post_config' command is executed.
20:14:52 INFO  : Context for processor 'ps7_cortexa9_0' is selected.
20:14:52 INFO  : Processor reset is completed for 'ps7_cortexa9_0'.
20:14:52 INFO  : Context for processor 'ps7_cortexa9_0' is selected.
20:14:52 INFO  : The application '/home/anthony/git/tony-org/tutorial_2/project_702/project_702.sdk/hello_world/Debug/hello_world.elf' is downloaded to processor 'ps7_cortexa9_0'.
20:14:52 INFO  : 'configparams force-mem-access 0' command is executed.
20:14:52 INFO  : ----------------XSDB Script----------------
connect -url tcp:127.0.0.1:3121
source /home/anthony/git/tony-org/tutorial_2/project_702/project_702.sdk/topHdl_hw_platform_0/ps7_init.tcl
targets -set -nocase -filter {name =~"APU*" && jtag_cable_name =~ "Digilent JTAG-SMT1 210203346122A"} -index 0
loadhw -hw /home/anthony/git/tony-org/tutorial_2/project_702/project_702.sdk/topHdl_hw_platform_0/system.hdf -mem-ranges [list {0x40000000 0xbfffffff}]
configparams force-mem-access 1
targets -set -nocase -filter {name =~"APU*" && jtag_cable_name =~ "Digilent JTAG-SMT1 210203346122A"} -index 0
stop
ps7_init
ps7_post_config
targets -set -nocase -filter {name =~ "ARM*#0" && jtag_cable_name =~ "Digilent JTAG-SMT1 210203346122A"} -index 0
rst -processor
targets -set -nocase -filter {name =~ "ARM*#0" && jtag_cable_name =~ "Digilent JTAG-SMT1 210203346122A"} -index 0
dow /home/anthony/git/tony-org/tutorial_2/project_702/project_702.sdk/hello_world/Debug/hello_world.elf
configparams force-mem-access 0
----------------End of Script----------------

20:14:52 INFO  : Memory regions updated for context APU
20:14:52 INFO  : Context for processor 'ps7_cortexa9_0' is selected.
20:14:52 INFO  : 'con' command is executed.
20:14:52 INFO  : ----------------XSDB Script (After Launch)----------------
targets -set -nocase -filter {name =~ "ARM*#0" && jtag_cable_name =~ "Digilent JTAG-SMT1 210203346122A"} -index 0
con
----------------End of Script----------------

20:14:52 INFO  : Launch script is exported to file '/home/anthony/git/tony-org/tutorial_2/project_702/project_702.sdk/.sdk/launch_scripts/xilinx_c-c++_application_(system_debugger)/system_debugger_using_debug_hello_world.elf_on_local.tcl'
20:17:03 INFO  : Disconnected from the channel tcfchan#3.
20:17:07 INFO  : 'targets -set -filter {jtag_cable_name =~ "Digilent JTAG-SMT1 210203346122A" && level==0} -index 1' command is executed.
20:17:07 INFO  : 'fpga -state' command is executed.
20:17:07 INFO  : Connected to target on host '127.0.0.1' and port '3121'.
20:17:07 INFO  : Jtag cable 'Digilent JTAG-SMT1 210203346122A' is selected.
20:17:07 INFO  : 'jtag frequency' command is executed.
20:17:07 INFO  : Sourcing of '/home/anthony/git/tony-org/tutorial_2/project_702/project_702.sdk/topHdl_hw_platform_0/ps7_init.tcl' is done.
20:17:07 INFO  : Context for 'APU' is selected.
20:17:07 INFO  : Hardware design information is loaded from '/home/anthony/git/tony-org/tutorial_2/project_702/project_702.sdk/topHdl_hw_platform_0/system.hdf'.
20:17:07 INFO  : 'configparams force-mem-access 1' command is executed.
20:17:07 INFO  : Context for 'APU' is selected.
20:17:07 INFO  : 'stop' command is executed.
20:17:08 INFO  : 'ps7_init' command is executed.
20:17:08 INFO  : 'ps7_post_config' command is executed.
20:17:08 INFO  : Context for processor 'ps7_cortexa9_0' is selected.
20:17:08 INFO  : Processor reset is completed for 'ps7_cortexa9_0'.
20:17:08 INFO  : Context for processor 'ps7_cortexa9_0' is selected.
20:17:09 INFO  : The application '/home/anthony/git/tony-org/tutorial_2/project_702/project_702.sdk/hello_world/Debug/hello_world.elf' is downloaded to processor 'ps7_cortexa9_0'.
20:17:09 INFO  : 'configparams force-mem-access 0' command is executed.
20:17:09 INFO  : ----------------XSDB Script----------------
connect -url tcp:127.0.0.1:3121
source /home/anthony/git/tony-org/tutorial_2/project_702/project_702.sdk/topHdl_hw_platform_0/ps7_init.tcl
targets -set -nocase -filter {name =~"APU*" && jtag_cable_name =~ "Digilent JTAG-SMT1 210203346122A"} -index 0
loadhw -hw /home/anthony/git/tony-org/tutorial_2/project_702/project_702.sdk/topHdl_hw_platform_0/system.hdf -mem-ranges [list {0x40000000 0xbfffffff}]
configparams force-mem-access 1
targets -set -nocase -filter {name =~"APU*" && jtag_cable_name =~ "Digilent JTAG-SMT1 210203346122A"} -index 0
stop
ps7_init
ps7_post_config
targets -set -nocase -filter {name =~ "ARM*#0" && jtag_cable_name =~ "Digilent JTAG-SMT1 210203346122A"} -index 0
rst -processor
targets -set -nocase -filter {name =~ "ARM*#0" && jtag_cable_name =~ "Digilent JTAG-SMT1 210203346122A"} -index 0
dow /home/anthony/git/tony-org/tutorial_2/project_702/project_702.sdk/hello_world/Debug/hello_world.elf
configparams force-mem-access 0
----------------End of Script----------------

20:17:09 INFO  : Memory regions updated for context APU
20:17:09 INFO  : Context for processor 'ps7_cortexa9_0' is selected.
20:17:09 INFO  : 'con' command is executed.
20:17:09 INFO  : ----------------XSDB Script (After Launch)----------------
targets -set -nocase -filter {name =~ "ARM*#0" && jtag_cable_name =~ "Digilent JTAG-SMT1 210203346122A"} -index 0
con
----------------End of Script----------------

20:17:09 INFO  : Launch script is exported to file '/home/anthony/git/tony-org/tutorial_2/project_702/project_702.sdk/.sdk/launch_scripts/xilinx_c-c++_application_(system_debugger)/system_debugger_using_debug_hello_world.elf_on_local.tcl'
